<?xml version="1.0" encoding="UTF-8"?>
<testsuite xmlns:xsi="http://www.w3.org/2001/XMLSchema-instance" xsi:noNamespaceSchemaLocation="https://maven.apache.org/surefire/maven-surefire-plugin/xsd/surefire-test-report-3.0.xsd" version="3.0" name="TestPet" time="0.417" tests="1" errors="1" skipped="0" failures="0">
  <properties>
[...]
</properties>
  <testcase name="testePostPet" classname="TestPet" time="0.057">
    <error message="Unresolved compilation problems: &#10;	The type java.lang.Comparable cannot be resolved. It is indirectly referenced from required type org.hamcrest.Matchers&#10;	The annotation @Test is disallowed for this location&#10;	TestUser cannot be resolved&#10;" type="java.lang.Error"><![CDATA[java.lang.Error: 
Unresolved compilation problems: 
	The type java.lang.Comparable cannot be resolved. It is indirectly referenced from required type org.hamcrest.Matchers
	The annotation @Test is disallowed for this location
	TestUser cannot be resolved

	at TestPet.<init>(TestPet.java:1)
	at java.base/java.lang.reflect.Constructor.newInstanceWithCaller(Constructor.java:500)
	at java.base/java.lang.reflect.Constructor.newInstance(Constructor.java:481)
	at java.base/java.util.Optional.orElseGet(Optional.java:362)
	at java.base/java.util.ArrayList.forEach(ArrayList.java:1511)
	at java.base/java.util.ArrayList.forEach(ArrayList.java:1511)
]]></error>
  </testcase>
</testsuite>